<?xml version="1.0" encoding="UTF-8"?>
<testsuite xmlns:xsi="http://www.w3.org/2001/XMLSchema-instance" xsi:noNamespaceSchemaLocation="https://maven.apache.org/surefire/maven-surefire-plugin/xsd/surefire-test-report-3.0.xsd" version="3.0" name="myTests" time="1.626" tests="17" errors="0" skipped="0" failures="0">
  <properties>
[...]
</properties>
  <testcase name="testremoveedge" classname="myTests" time="1.416">
    <system-out><![CDATA[Your vertexes: [A, B, C, D, E]
Number of vertexes in your graph: 5
Number of edges in your graph: 3
digraph "D" {
"E"
"A" -> "B"
"A" -> "C"
"A" -> "D"
}
EXCEPTION, Your edge does not exist
Your vertexes: [A, B, C, D, E]
Number of vertexes in your graph: 5
Number of edges in your graph: 3
digraph "D" {
"E"
"A" -> "B"
"A" -> "C"
"A" -> "D"
}
]]></system-out>
  </testcase>
  <testcase name="testremovenode" classname="myTests" time="0.039">
    <system-out><![CDATA[Your vertexes: [A, B, C, D, E]
Number of vertexes in your graph: 5
Number of edges in your graph: 3
digraph "D" {
"E"
"A" -> "B"
"A" -> "C"
"A" -> "D"
}
Your vertexes: [A, C, D, E]
Number of vertexes in your graph: 4
Number of edges in your graph: 2
digraph "D" {
"E"
"A" -> "D"
"A" -> "C"
}
]]></system-out>
  </testcase>
  <testcase name="testfeature3test2" classname="myTests" time="0.001">
    <system-out><![CDATA[Your vertexes: [A, B, C, D, F, I]
Number of vertexes in your graph: 6
Number of edges in your graph: 6
digraph "A" {
"I"
"A" -> "I"
"A" -> "C"
"A" -> "B"
"C" -> "D"
"B" -> "C"
"B" -> "F"
}
]]></system-out>
  </testcase>
  <testcase name="testfeature4part1" classname="myTests" time="0.002">
    <system-out><![CDATA[Your vertexes: [A, B, C, D]
Number of vertexes in your graph: 4
Number of edges in your graph: 4
digraph "D" {
"A" -> "B"
"A" -> "C"
"A" -> "D"
"B" -> "C"
}
Your vertexes: [A, B, C, D]
Number of vertexes in your graph: 4
Number of edges in your graph: 4
digraph "D" {
"A" -> "B"
"A" -> "C"
"A" -> "D"
"B" -> "C"
}
]]></system-out>
  </testcase>
  <testcase name="testfeature4part2" classname="myTests" time="0.041"/>
  <testcase name="testFeature4Part2Test2" classname="myTests" time="0.056"/>
  <testcase name="testfeature4part1test2" classname="myTests" time="0.005">
    <system-out><![CDATA[Your vertexes: [A, B, C, D, F]
Number of vertexes in your graph: 5
Number of edges in your graph: 6
digraph "A" {
"A" -> "F"
"A" -> "C"
"A" -> "B"
"C" -> "D"
"B" -> "C"
"B" -> "F"
}
Your vertexes: [A, B, C, D, F]
Number of vertexes in your graph: 5
Number of edges in your graph: 6
digraph "A" {
"A" -> "F"
"A" -> "C"
"A" -> "B"
"C" -> "D"
"B" -> "C"
"B" -> "F"
}
]]></system-out>
  </testcase>
  <testcase name="testfeature2pt1test2" classname="myTests" time="0.001">
    <system-out><![CDATA[Your vertexes: [A, B, C, D, E, F]
Number of vertexes in your graph: 6
Number of edges in your graph: 5
digraph "A" {
"E"
"A" -> "C"
"A" -> "B"
"C" -> "D"
"B" -> "C"
"B" -> "F"
}
]]></system-out>
  </testcase>
  <testcase name="testfeature2pt2test2" classname="myTests" time="0.001">
    <system-out><![CDATA[Your vertexes: [A, B, C, D, E, F, G, H, I]
Number of vertexes in your graph: 9
Number of edges in your graph: 5
digraph "A" {
"E"
"G"
"H"
"I"
"A" -> "C"
"A" -> "B"
"C" -> "D"
"B" -> "C"
"B" -> "F"
}
]]></system-out>
  </testcase>
  <testcase name="testfeatur1pt1test2" classname="myTests" time="0.002">
    <system-out><![CDATA[Your vertexes: [A, B, C, D, F]
Number of vertexes in your graph: 5
Number of edges in your graph: 5
digraph "A" {
"A" -> "C"
"A" -> "B"
"C" -> "D"
"B" -> "C"
"B" -> "F"
}
]]></system-out>
  </testcase>
  <testcase name="testfeatur1pt2test2" classname="myTests" time="0.0"/>
  <testcase name="testfeature3" classname="myTests" time="0.003">
    <system-out><![CDATA[Your vertexes: [A, B, C, D]
Number of vertexes in your graph: 4
Number of edges in your graph: 4
digraph "D" {
"A" -> "B"
"A" -> "C"
"A" -> "D"
"B" -> "C"
}
]]></system-out>
  </testcase>
  <testcase name="testfeatur1pt1" classname="myTests" time="0.001">
    <system-out><![CDATA[Your vertexes: [A, B, C, D]
Number of vertexes in your graph: 4
Number of edges in your graph: 3
digraph "D" {
"A" -> "B"
"A" -> "C"
"A" -> "D"
}
]]></system-out>
  </testcase>
  <testcase name="testfeatur1pt2" classname="myTests" time="0.0"/>
  <testcase name="testfeature2pt1" classname="myTests" time="0.001">
    <system-out><![CDATA[Your vertexes: [A, B, C, D, E]
Number of vertexes in your graph: 5
Number of edges in your graph: 3
digraph "D" {
"E"
"A" -> "B"
"A" -> "C"
"A" -> "D"
}
]]></system-out>
  </testcase>
  <testcase name="testfeature2pt2" classname="myTests" time="0.002">
    <system-out><![CDATA[Your vertexes: [A, B, C, D, E, F, G]
Number of vertexes in your graph: 7
Number of edges in your graph: 3
digraph "D" {
"E"
"F"
"G"
"A" -> "B"
"A" -> "C"
"A" -> "D"
}
]]></system-out>
  </testcase>
  <testcase name="testremovenodes" classname="myTests" time="0.017">
    <system-out><![CDATA[Your vertexes: [A, B, C, D, E]
Number of vertexes in your graph: 5
Number of edges in your graph: 3
digraph "D" {
"E"
"A" -> "B"
"A" -> "C"
"A" -> "D"
}
Your vertexes: [A, E]
Number of vertexes in your graph: 2
Number of edges in your graph: 0
digraph "D" {
"A"
"E"
}
]]></system-out>
  </testcase>
</testsuite>